INFO: [VRFC 10-2263] Analyzing Verilog file "C:/Users/Duy/project_1/project_1.srcs/sources_1/new/ALU.v" into library xil_defaultlib
INFO: [VRFC 10-311] analyzing module ALU
INFO: [VRFC 10-311] analyzing module ALU_Control
INFO: [VRFC 10-2263] Analyzing Verilog file "C:/Users/Duy/project_1/project_1.srcs/sources_1/new/Dmem.v" into library xil_defaultlib
INFO: [VRFC 10-311] analyzing module Data_Memory
INFO: [VRFC 10-2263] Analyzing Verilog file "C:/Users/Duy/project_1/project_1.srcs/sources_1/new/Imem.v" into library xil_defaultlib
INFO: [VRFC 10-311] analyzing module Instruction_Memory
INFO: [VRFC 10-311] analyzing module immediate_generator
INFO: [VRFC 10-2263] Analyzing Verilog file "C:/Users/Duy/project_1/project_1.srcs/sources_1/new/MUX.v" into library xil_defaultlib
INFO: [VRFC 10-311] analyzing module pc_mux
INFO: [VRFC 10-311] analyzing module MUX2to1
INFO: [VRFC 10-311] analyzing module MUX2to1_DataMemory
INFO: [VRFC 10-2263] Analyzing Verilog file "C:/Users/Duy/project_1/project_1.srcs/sources_1/new/PC.v" into library xil_defaultlib
INFO: [VRFC 10-311] analyzing module program_counter
INFO: [VRFC 10-311] analyzing module pc_adder
INFO: [VRFC 10-2263] Analyzing Verilog file "C:/Users/Duy/project_1/project_1.srcs/sources_1/new/Register.v" into library xil_defaultlib
INFO: [VRFC 10-311] analyzing module Register_File
INFO: [VRFC 10-2263] Analyzing Verilog file "C:/Users/Duy/project_1/project_1.srcs/sources_1/new/control.v" into library xil_defaultlib
INFO: [VRFC 10-311] analyzing module main_control_unit
INFO: [VRFC 10-2263] Analyzing Verilog file "C:/Users/Duy/project_1/project_1.srcs/sources_1/new/main.v" into library xil_defaultlib
INFO: [VRFC 10-311] analyzing module main
INFO: [VRFC 10-2263] Analyzing Verilog file "C:/Users/Duy/project_1/project_1.srcs/sources_1/new/operator.v" into library xil_defaultlib
INFO: [VRFC 10-311] analyzing module Branch_Adder
INFO: [VRFC 10-2263] Analyzing Verilog file "C:/Users/Duy/project_1/project_1.srcs/sim_1/new/testbench.v" into library xil_defaultlib
INFO: [VRFC 10-311] analyzing module main_tb
